c:\gamejam_winter\gamejam_winter\gamejam_winter\x64\debug\vc143.pdb
c:\gamejam_winter\gamejam_winter\gamejam_winter\x64\debug\vc143.idb
c:\gamejam_winter\gamejam_winter\gamejam_winter\x64\debug\mission.obj
c:\gamejam_winter\gamejam_winter\gamejam_winter\x64\debug\stage.obj
c:\gamejam_winter\gamejam_winter\gamejam_winter\x64\debug\scenemanager.obj
c:\gamejam_winter\gamejam_winter\gamejam_winter\x64\debug\result.obj
c:\gamejam_winter\gamejam_winter\gamejam_winter\x64\debug\player2.obj
c:\gamejam_winter\gamejam_winter\gamejam_winter\x64\debug\padinput.obj
c:\gamejam_winter\gamejam_winter\gamejam_winter\x64\debug\item.obj
c:\gamejam_winter\gamejam_winter\gamejam_winter\x64\debug\inputcontrol.obj
c:\gamejam_winter\gamejam_winter\gamejam_winter\x64\debug\help.obj
c:\gamejam_winter\gamejam_winter\gamejam_winter\x64\debug\fpscontroller.obj
c:\gamejam_winter\gamejam_winter\gamejam_winter\x64\debug\barrier.obj
c:\gamejam_winter\gamejam_winter\gamejam_winter\x64\debug\title.obj
c:\gamejam_winter\gamejam_winter\gamejam_winter\x64\debug\player.obj
c:\gamejam_winter\gamejam_winter\gamejam_winter\x64\debug\main.obj
c:\gamejam_winter\gamejam_winter\gamejam_winter\x64\debug\gamemainscene.obj
c:\gamejam_winter\gamejam_winter\gamejam_winter\x64\debug\gamejam_winter.exe
c:\gamejam_winter\gamejam_winter\gamejam_winter\x64\debug\gamejam_winter.ilk
c:\gamejam_winter\gamejam_winter\gamejam_winter\x64\debug\gamejam_winter.pdb
c:\gamejam_winter\gamejam_winter\gamejam_winter\x64\debug\hit.obj
c:\gamejam_winter\gamejam_winter\gamejam_winter\x64\debug\gamejam_winter.tlog\cl.command.1.tlog
c:\gamejam_winter\gamejam_winter\gamejam_winter\x64\debug\gamejam_winter.tlog\cl.items.tlog
c:\gamejam_winter\gamejam_winter\gamejam_winter\x64\debug\gamejam_winter.tlog\cl.read.1.tlog
c:\gamejam_winter\gamejam_winter\gamejam_winter\x64\debug\gamejam_winter.tlog\cl.write.1.tlog
c:\gamejam_winter\gamejam_winter\gamejam_winter\x64\debug\gamejam_winter.tlog\link.command.1.tlog
c:\gamejam_winter\gamejam_winter\gamejam_winter\x64\debug\gamejam_winter.tlog\link.read.1.tlog
c:\gamejam_winter\gamejam_winter\gamejam_winter\x64\debug\gamejam_winter.tlog\link.write.1.tlog
